<?xml version="1.0" encoding="UTF-8"?>
<testng-results ignored="0" total="1" passed="1" failed="0" skipped="0">
  <reporter-output>
  </reporter-output>
  <suite started-at="2024-07-31T23:15:51 IST" name="Suite" finished-at="2024-07-31T23:15:57 IST" duration-ms="5965">
    <groups>
    </groups>
    <test started-at="2024-07-31T23:15:51 IST" name="Test" finished-at="2024-07-31T23:15:57 IST" duration-ms="5965">
      <class name="Concepts.ParameterPractice">
        <test-method signature="Parameters(java.lang.String)[pri:0, instance:Concepts.ParameterPractice@7c24b813]" started-at="2024-07-31T23:15:51 IST" name="Parameters" finished-at="2024-07-31T23:15:57 IST" duration-ms="5919" status="PASS">
          <params>
            <param index="0">
              <value>
                <![CDATA[https://gmail.com]]>
              </value>
            </param>
          </params>
          <reporter-output>
          </reporter-output>
        </test-method> <!-- Parameters -->
      </class> <!-- Concepts.ParameterPractice -->
    </test> <!-- Test -->
  </suite> <!-- Suite -->
</testng-results>
